2018-12-23T16:57:22+00:00 CRITICAL Uncaught Error: Function name must be a string in /home/vad/workspace/wp/wp-content/plugins/wp-test-plug/index.php:59
Stack trace:
#0 /home/vad/workspace/wp/wp-includes/class-wp-hook.php(286): testing_editor('')
#1 /home/vad/workspace/wp/wp-includes/class-wp-hook.php(310): WP_Hook->apply_filters('', Array)
#2 /home/vad/workspace/wp/wp-includes/plugin.php(453): WP_Hook->do_action(Array)
#3 /home/vad/workspace/wp/wp-admin/admin.php(224): do_action('posts_page_test...')
#4 /home/vad/workspace/wp/wp-admin/edit.php(10): require_once('/home/vad/works...')
#5 {main}
  thrown in /home/vad/workspace/wp/wp-content/plugins/wp-test-plug/index.php on line 59

2018-12-23T17:03:14+00:00 CRITICAL Uncaught Error: Function name must be a string in /home/vad/workspace/wp/wp-content/plugins/wp-test-plug/index.php:59
Stack trace:
#0 /home/vad/workspace/wp/wp-includes/class-wp-hook.php(286): testing_editor('')
#1 /home/vad/workspace/wp/wp-includes/class-wp-hook.php(310): WP_Hook->apply_filters('', Array)
#2 /home/vad/workspace/wp/wp-includes/plugin.php(453): WP_Hook->do_action(Array)
#3 /home/vad/workspace/wp/wp-admin/admin.php(224): do_action('posts_page_test...')
#4 /home/vad/workspace/wp/wp-admin/edit.php(10): require_once('/home/vad/works...')
#5 {main}
  thrown in /home/vad/workspace/wp/wp-content/plugins/wp-test-plug/index.php on line 59

2018-12-23T17:03:16+00:00 CRITICAL Uncaught Error: Function name must be a string in /home/vad/workspace/wp/wp-content/plugins/wp-test-plug/index.php:59
Stack trace:
#0 /home/vad/workspace/wp/wp-includes/class-wp-hook.php(286): testing_editor('')
#1 /home/vad/workspace/wp/wp-includes/class-wp-hook.php(310): WP_Hook->apply_filters('', Array)
#2 /home/vad/workspace/wp/wp-includes/plugin.php(453): WP_Hook->do_action(Array)
#3 /home/vad/workspace/wp/wp-admin/admin.php(224): do_action('posts_page_test...')
#4 /home/vad/workspace/wp/wp-admin/edit.php(10): require_once('/home/vad/works...')
#5 {main}
  thrown in /home/vad/workspace/wp/wp-content/plugins/wp-test-plug/index.php on line 59

2018-12-23T17:04:30+00:00 CRITICAL Uncaught Error: Function name must be a string in /home/vad/workspace/wp/wp-content/plugins/wp-test-plug/index.php:59
Stack trace:
#0 /home/vad/workspace/wp/wp-includes/class-wp-hook.php(286): testing_editor('')
#1 /home/vad/workspace/wp/wp-includes/class-wp-hook.php(310): WP_Hook->apply_filters('', Array)
#2 /home/vad/workspace/wp/wp-includes/plugin.php(453): WP_Hook->do_action(Array)
#3 /home/vad/workspace/wp/wp-admin/admin.php(224): do_action('posts_page_test...')
#4 /home/vad/workspace/wp/wp-admin/edit.php(10): require_once('/home/vad/works...')
#5 {main}
  thrown in /home/vad/workspace/wp/wp-content/plugins/wp-test-plug/index.php on line 59

2018-12-23T17:05:10+00:00 CRITICAL Uncaught Error: Function name must be a string in /home/vad/workspace/wp/wp-content/plugins/wp-test-plug/index.php:59
Stack trace:
#0 /home/vad/workspace/wp/wp-includes/class-wp-hook.php(286): testing_editor('')
#1 /home/vad/workspace/wp/wp-includes/class-wp-hook.php(310): WP_Hook->apply_filters('', Array)
#2 /home/vad/workspace/wp/wp-includes/plugin.php(453): WP_Hook->do_action(Array)
#3 /home/vad/workspace/wp/wp-admin/admin.php(224): do_action('posts_page_test...')
#4 /home/vad/workspace/wp/wp-admin/edit.php(10): require_once('/home/vad/works...')
#5 {main}
  thrown in /home/vad/workspace/wp/wp-content/plugins/wp-test-plug/index.php on line 59

2018-12-23T17:06:43+00:00 CRITICAL Uncaught Error: Array callback has to contain indices 0 and 1 in /home/vad/workspace/wp/wp-content/plugins/wp-test-plug/index.php:59
Stack trace:
#0 /home/vad/workspace/wp/wp-includes/class-wp-hook.php(286): testing_editor('')
#1 /home/vad/workspace/wp/wp-includes/class-wp-hook.php(310): WP_Hook->apply_filters('', Array)
#2 /home/vad/workspace/wp/wp-includes/plugin.php(453): WP_Hook->do_action(Array)
#3 /home/vad/workspace/wp/wp-admin/admin.php(224): do_action('posts_page_test...')
#4 /home/vad/workspace/wp/wp-admin/edit.php(10): require_once('/home/vad/works...')
#5 {main}
  thrown in /home/vad/workspace/wp/wp-content/plugins/wp-test-plug/index.php on line 59

2018-12-23T17:06:56+00:00 CRITICAL Uncaught Error: Array callback has to contain indices 0 and 1 in /home/vad/workspace/wp/wp-content/plugins/wp-test-plug/index.php:59
Stack trace:
#0 /home/vad/workspace/wp/wp-includes/class-wp-hook.php(286): testing_editor('')
#1 /home/vad/workspace/wp/wp-includes/class-wp-hook.php(310): WP_Hook->apply_filters('', Array)
#2 /home/vad/workspace/wp/wp-includes/plugin.php(453): WP_Hook->do_action(Array)
#3 /home/vad/workspace/wp/wp-admin/admin.php(224): do_action('posts_page_test...')
#4 /home/vad/workspace/wp/wp-admin/edit.php(10): require_once('/home/vad/works...')
#5 {main}
  thrown in /home/vad/workspace/wp/wp-content/plugins/wp-test-plug/index.php on line 59

2018-12-23T17:10:01+00:00 CRITICAL Uncaught Error: Function name must be a string in /home/vad/workspace/wp/wp-content/plugins/wp-test-plug/index.php:59
Stack trace:
#0 /home/vad/workspace/wp/wp-includes/class-wp-hook.php(286): testing_editor('')
#1 /home/vad/workspace/wp/wp-includes/class-wp-hook.php(310): WP_Hook->apply_filters('', Array)
#2 /home/vad/workspace/wp/wp-includes/plugin.php(453): WP_Hook->do_action(Array)
#3 /home/vad/workspace/wp/wp-admin/admin.php(224): do_action('posts_page_test...')
#4 /home/vad/workspace/wp/wp-admin/edit.php(10): require_once('/home/vad/works...')
#5 {main}
  thrown in /home/vad/workspace/wp/wp-content/plugins/wp-test-plug/index.php on line 59

2018-12-23T17:11:36+00:00 CRITICAL Uncaught Error: Function name must be a string in /home/vad/workspace/wp/wp-content/plugins/wp-test-plug/index.php:59
Stack trace:
#0 /home/vad/workspace/wp/wp-includes/class-wp-hook.php(286): testing_editor('')
#1 /home/vad/workspace/wp/wp-includes/class-wp-hook.php(310): WP_Hook->apply_filters('', Array)
#2 /home/vad/workspace/wp/wp-includes/plugin.php(453): WP_Hook->do_action(Array)
#3 /home/vad/workspace/wp/wp-admin/admin.php(224): do_action('posts_page_test...')
#4 /home/vad/workspace/wp/wp-admin/edit.php(10): require_once('/home/vad/works...')
#5 {main}
  thrown in /home/vad/workspace/wp/wp-content/plugins/wp-test-plug/index.php on line 59

2018-12-23T17:14:06+00:00 CRITICAL Uncaught Error: Function name must be a string in /home/vad/workspace/wp/wp-content/plugins/wp-test-plug/index.php:59
Stack trace:
#0 /home/vad/workspace/wp/wp-includes/class-wp-hook.php(286): testing_editor('')
#1 /home/vad/workspace/wp/wp-includes/class-wp-hook.php(310): WP_Hook->apply_filters('', Array)
#2 /home/vad/workspace/wp/wp-includes/plugin.php(453): WP_Hook->do_action(Array)
#3 /home/vad/workspace/wp/wp-admin/admin.php(224): do_action('posts_page_test...')
#4 /home/vad/workspace/wp/wp-admin/edit.php(10): require_once('/home/vad/works...')
#5 {main}
  thrown in /home/vad/workspace/wp/wp-content/plugins/wp-test-plug/index.php on line 59

